<?xml version="1.0" encoding="UTF-8" ?>
<testsuite tests="4" failures="0" name="de.huberlin.wbi.cuneiform.core.invoc.JsonReportEntryTest" time="0.208" errors="0" skipped="0">
  <properties>
[...]
</properties>
  <testcase classname="de.huberlin.wbi.cuneiform.core.invoc.JsonReportEntryTest" name="testRunIdIsParsed" time="0.022"/>
  <testcase classname="de.huberlin.wbi.cuneiform.core.invoc.JsonReportEntryTest" name="testTaskIdCanBeNull" time="0"/>
  <testcase classname="de.huberlin.wbi.cuneiform.core.invoc.JsonReportEntryTest" name="testTaskIdCanBeMissing1" time="0"/>
  <testcase classname="de.huberlin.wbi.cuneiform.core.invoc.JsonReportEntryTest" name="testTaskIdCanBeMissing2" time="0.009"/>
</testsuite>